#
# There is insufficient memory for the Java Runtime Environment to continue.
# Native memory allocation (malloc) failed to allocate 32744 bytes for ChunkPool::allocate
# Possible reasons:
#   The system is out of physical RAM or swap space
#   The process is running with CompressedOops enabled, and the Java Heap may be blocking the growth of the native heap
# Possible solutions:
#   Reduce memory load on the system
#   Increase physical memory or swap space
#   Check if swap backing store is full
#   Decrease Java heap size (-Xmx/-Xms)
#   Decrease number of Java threads
#   Decrease Java thread stack sizes (-Xss)
#   Set larger code cache with -XX:ReservedCodeCacheSize=
#   JVM is running with Unscaled Compressed Oops mode in which the Java heap is
#     placed in the first 4GB address space. The Java Heap base address is the
#     maximum limit for the native heap growth. Please use -XX:HeapBaseMinAddress
#     to set the Java Heap base and to place the Java Heap above 4GB virtual address.
# This output file may be truncated or incomplete.
#
#  Out of Memory Error (./src/hotspot/share/memory/arena.cpp:81), pid=5708, tid=2532
#
# JRE version: OpenJDK Runtime Environment Temurin-11.0.12+7 (11.0.12+7) (build 11.0.12+7)
# Java VM: OpenJDK 64-Bit Server VM Temurin-11.0.12+7 (11.0.12+7, mixed mode, tiered, compressed oops, parallel gc, windows-amd64)
# No core dump will be written. Minidumps are not enabled by default on client versions of Windows
#

---------------  S U M M A R Y ------------

Command Line: --add-modules=ALL-SYSTEM --add-opens=java.base/java.util=ALL-UNNAMED --add-opens=java.base/java.lang=ALL-UNNAMED -Declipse.application=org.eclipse.jdt.ls.core.id1 -Dosgi.bundles.defaultStartLevel=4 -Declipse.product=org.eclipse.jdt.ls.core.product -Dfile.encoding=utf8 -DwatchParentProcess=false -XX:+UseParallelGC -XX:GCTimeRatio=4 -XX:AdaptiveSizePolicyWeight=90 -Dsun.zip.disableMemoryMapping=true -Xmx1G -Xms100m -Xverify:none c:\Users\2021\.vscode\extensions\redhat.java-0.82.0\server\plugins\org.eclipse.equinox.launcher_1.6.300.v20210813-1054.jar -configuration c:\Users\2021\AppData\Roaming\Code\User\globalStorage\redhat.java\0.82.0\config_ss_win -data c:\Users\2021\AppData\Roaming\Code\User\workspaceStorage\44abec8a59b3849da8e646983ba4cf86\redhat.java\ss_ws

Host: Intel(R) Pentium(R) CPU        P6100  @ 2.00GHz, 2 cores, 1G,  Windows 10 , 64 bit Build 10240 (10.0.10240.16384)
Time: Mon Sep 27 20:09:53 2021 Hora oficial do Brasil elapsed time: 59.029881 seconds (0d 0h 0m 59s)

---------------  T H R E A D  ---------------

Current thread (0x000000da6203b800):  JavaThread "C1 CompilerThread0" daemon [_thread_in_native, id=2532, stack(0x000000da634c0000,0x000000da635c0000)]


Current CompileTask:
C1:  59030 3156       3       org.eclipse.jdt.internal.compiler.parser.Parser::consumeRule (7641 bytes)

Stack: [0x000000da634c0000,0x000000da635c0000]
Native frames: (J=compiled Java code, j=interpreted, Vv=VM code, C=native code)
V  [jvm.dll+0x601d0a]
V  [jvm.dll+0x78ab6e]
V  [jvm.dll+0x78c23f]
V  [jvm.dll+0x78c903]
V  [jvm.dll+0x24be68]
V  [jvm.dll+0xc23fb]
V  [jvm.dll+0xc275c]
V  [jvm.dll+0x1b22af]
V  [jvm.dll+0x1b1da9]
V  [jvm.dll+0x14ee4c]
V  [jvm.dll+0x147427]
V  [jvm.dll+0x14725e]
V  [jvm.dll+0x12a7c9]
V  [jvm.dll+0x12a2aa]
V  [jvm.dll+0x12a48f]
V  [jvm.dll+0x129737]
V  [jvm.dll+0x12b647]
V  [jvm.dll+0x213d67]
V  [jvm.dll+0x211f2b]
V  [jvm.dll+0x74ec19]
V  [jvm.dll+0x747c84]
V  [jvm.dll+0x600ba6]
C  [ucrtbase.dll+0x682dd]
C  [KERNEL32.DLL+0x12d92]
C  [ntdll.dll+0x9f64]


---------------  P R O C E S S  ---------------

Threads class SMR info:
_java_thread_list=0x000000da700470d0, length=22, elements={
0x000000da47d1c000, 0x000000da61f8e800, 0x000000da61f92800, 0x000000da61ffe800,
0x000000da62001800, 0x000000da62004800, 0x000000da61fad800, 0x000000da6203b800,
0x000000da6203d000, 0x000000da631d8800, 0x000000da63f40800, 0x000000da631a2800,
0x000000da631a3000, 0x000000da6442a000, 0x000000da63f88000, 0x000000da63d80800,
0x000000da63a05800, 0x000000da64190800, 0x000000da63c9f000, 0x000000da63c9b000,
0x000000da63c9d800, 0x000000da63c9b800
}

Java Threads: ( => current thread )
  0x000000da47d1c000 JavaThread "main" [_thread_blocked, id=772, stack(0x000000da47400000,0x000000da47500000)]
  0x000000da61f8e800 JavaThread "Reference Handler" daemon [_thread_blocked, id=6468, stack(0x000000da629c0000,0x000000da62ac0000)]
  0x000000da61f92800 JavaThread "Finalizer" daemon [_thread_blocked, id=3968, stack(0x000000da62ac0000,0x000000da62bc0000)]
  0x000000da61ffe800 JavaThread "Signal Dispatcher" daemon [_thread_blocked, id=6852, stack(0x000000da62cc0000,0x000000da62dc0000)]
  0x000000da62001800 JavaThread "Attach Listener" daemon [_thread_blocked, id=3704, stack(0x000000da62dc0000,0x000000da62ec0000)]
  0x000000da62004800 JavaThread "Service Thread" daemon [_thread_blocked, id=3212, stack(0x000000da62ec0000,0x000000da62fc0000)]
  0x000000da61fad800 JavaThread "C2 CompilerThread0" daemon [_thread_blocked, id=6032, stack(0x000000da62fc0000,0x000000da630c0000)]
=>0x000000da6203b800 JavaThread "C1 CompilerThread0" daemon [_thread_in_native, id=2532, stack(0x000000da634c0000,0x000000da635c0000)]
  0x000000da6203d000 JavaThread "Sweeper thread" daemon [_thread_blocked, id=2504, stack(0x000000da635c0000,0x000000da636c0000)]
  0x000000da631d8800 JavaThread "Common-Cleaner" daemon [_thread_blocked, id=5492, stack(0x000000da636c0000,0x000000da637c0000)]
  0x000000da63f40800 JavaThread "Active Thread: Equinox Container: 2dbcc095-fae9-4204-9e92-3d5745eb5515" [_thread_blocked, id=4960, stack(0x000000da658d0000,0x000000da659d0000)]
  0x000000da631a2800 JavaThread "Framework Event Dispatcher: Equinox Container: 2dbcc095-fae9-4204-9e92-3d5745eb5515" daemon [_thread_blocked, id=916, stack(0x000000da659d0000,0x000000da65ad0000)]
  0x000000da631a3000 JavaThread "Start Level: Equinox Container: 2dbcc095-fae9-4204-9e92-3d5745eb5515" daemon [_thread_blocked, id=6816, stack(0x000000da65ad0000,0x000000da65bd0000)]
  0x000000da6442a000 JavaThread "SCR Component Actor" daemon [_thread_blocked, id=3064, stack(0x000000da65dd0000,0x000000da65ed0000)]
  0x000000da63f88000 JavaThread "Worker-JM" [_thread_blocked, id=3424, stack(0x000000da661d0000,0x000000da662d0000)]
  0x000000da63d80800 JavaThread "Worker-0" [_thread_blocked, id=1216, stack(0x000000da666d0000,0x000000da667d0000)]
  0x000000da63a05800 JavaThread "Worker-1" [_thread_blocked, id=2904, stack(0x000000da667d0000,0x000000da668d0000)]
  0x000000da64190800 JavaThread "Worker-2" [_thread_blocked, id=2068, stack(0x000000da66dd0000,0x000000da66ed0000)]
  0x000000da63c9f000 JavaThread "pool-1-thread-1" [_thread_in_native, id=6996, stack(0x000000da670d0000,0x000000da671d0000)]
  0x000000da63c9b000 JavaThread "Thread-2" [_thread_in_native, id=4748, stack(0x000000da45aa0000,0x000000da45ba0000)]
  0x000000da63c9d800 JavaThread "Thread-3" [_thread_blocked, id=6652, stack(0x000000da45ba0000,0x000000da45ca0000)]
  0x000000da63c9b800 JavaThread "Worker-3: Sending build events with disabled autobuild" [_thread_in_native, id=3292, stack(0x000000da71170000,0x000000da71270000)]

Other Threads:
  0x000000da61f8b800 VMThread "VM Thread" [stack: 0x000000da628c0000,0x000000da629c0000] [id=1876]
  0x000000da63296800 WatcherThread [stack: 0x000000da637c0000,0x000000da638c0000] [id=5048]
  0x000000da47d34800 GCTaskThread "ParGC Thread#0" [stack: 0x000000da47a50000,0x000000da47b50000] [id=6504]
  0x000000da63494800 GCTaskThread "ParGC Thread#1" [stack: 0x000000da65ed0000,0x000000da65fd0000] [id=3804]

Threads with active compile tasks:
C1 CompilerThread0  62387 3156       3       org.eclipse.jdt.internal.compiler.parser.Parser::consumeRule (7641 bytes)

VM state:not at safepoint (normal execution)

VM Mutex/Monitor currently owned by a thread: None

Heap address: 0x00000000c0000000, size: 1024 MB, Compressed Oops mode: 32-bit
Narrow klass base: 0x0000000000000000, Narrow klass shift: 3
Compressed class space size: 1073741824 Address: 0x0000000100000000

Heap:
 PSYoungGen      total 27136K, used 2938K [0x00000000eab00000, 0x00000000ecf80000, 0x0000000100000000)
  eden space 23040K, 12% used [0x00000000eab00000,0x00000000eaddeb50,0x00000000ec180000)
  from space 4096K, 0% used [0x00000000ecb80000,0x00000000ecb80000,0x00000000ecf80000)
  to   space 5120K, 0% used [0x00000000ec580000,0x00000000ec580000,0x00000000eca80000)
 ParOldGen       total 68608K, used 24114K [0x00000000c0000000, 0x00000000c4300000, 0x00000000eab00000)
  object space 68608K, 35% used [0x00000000c0000000,0x00000000c178caa0,0x00000000c4300000)
 Metaspace       used 34308K, capacity 36155K, committed 36224K, reserved 1081344K
  class space    used 3230K, capacity 3906K, committed 3968K, reserved 1048576K

Card table byte_map: [0x000000da476e0000,0x000000da478f0000] _byte_map_base: 0x000000da470e0000

Marking Bits: (ParMarkBitMap*) 0x00007ff9b605bcf0
 Begin Bits: [0x000000da5f440000, 0x000000da60440000)
 End Bits:   [0x000000da60440000, 0x000000da61440000)

Polling page: 0x000000da45940000

Metaspace:

Usage:
  Non-class:     31.49 MB capacity,    30.35 MB ( 96%) used,     1.07 MB (  3%) free+waste,    73.81 KB ( <1%) overhead. 
      Class:      3.81 MB capacity,     3.15 MB ( 83%) used,   640.66 KB ( 16%) free+waste,    34.94 KB ( <1%) overhead. 
       Both:     35.31 MB capacity,    33.50 MB ( 95%) used,     1.70 MB (  5%) free+waste,   108.75 KB ( <1%) overhead. 

Virtual space:
  Non-class space:       32.00 MB reserved,      31.50 MB ( 98%) committed 
      Class space:        1.00 GB reserved,       3.88 MB ( <1%) committed 
             Both:        1.03 GB reserved,      35.38 MB (  3%) committed 

Chunk freelists:
   Non-Class:  7.00 KB
       Class:  30.00 KB
        Both:  37.00 KB

MaxMetaspaceSize: 17179869184.00 GB
CompressedClassSpaceSize: 1.00 GB
Initial GC threshold: 20.80 MB
Current GC threshold: 57.50 MB
CDS: off

CodeHeap 'non-profiled nmethods': size=120064Kb used=1313Kb max_used=1313Kb free=118750Kb
 bounds [0x000000da57f00000, 0x000000da58170000, 0x000000da5f440000]
CodeHeap 'profiled nmethods': size=120000Kb used=6903Kb max_used=6903Kb free=113096Kb
 bounds [0x000000da509d0000, 0x000000da51090000, 0x000000da57f00000]
CodeHeap 'non-nmethods': size=5696Kb used=1266Kb max_used=1277Kb free=4429Kb
 bounds [0x000000da50440000, 0x000000da506b0000, 0x000000da509d0000]
 total_blobs=3696 nmethods=3145 adapters=466
 compilation: enabled
              stopped_count=0, restarted_count=0
 full_count=0

Compilation events (20 events):
Event: 57.039 Thread 0x000000da61fad800 nmethod 3136% 0x000000da58040e10 code [0x000000da58040fe0, 0x000000da58041b68]
Event: 57.040 Thread 0x000000da61fad800 3147       4       java.lang.String::<init> (10 bytes)
Event: 57.042 Thread 0x000000da61fad800 nmethod 3147 0x000000da58042310 code [0x000000da580424c0, 0x000000da58042678]
Event: 57.043 Thread 0x000000da61fad800 3148   !   4       java.util.concurrent.ConcurrentHashMap::transfer (828 bytes)
Event: 57.047 Thread 0x000000da6203b800 3149 %     3       org.eclipse.jdt.internal.compiler.parser.Parser::computeReverseTable @ 51 (92 bytes)
Event: 57.048 Thread 0x000000da6203b800 nmethod 3149% 0x000000da5107f390 code [0x000000da5107f580, 0x000000da5107fb38]
Event: 57.048 Thread 0x000000da6203b800 3150       3       org.eclipse.jdt.internal.compiler.parser.Parser::computeReverseTable (92 bytes)
Event: 57.049 Thread 0x000000da6203b800 nmethod 3150 0x000000da5107fe10 code [0x000000da51080000, 0x000000da510804f8]
Event: 57.068 Thread 0x000000da61fad800 nmethod 3148 0x000000da58042790 code [0x000000da58042960, 0x000000da580435f8]
Event: 57.068 Thread 0x000000da61fad800 3151 %     4       org.eclipse.jdt.internal.compiler.parser.Parser::computeReverseTable @ 51 (92 bytes)
Event: 57.074 Thread 0x000000da61fad800 nmethod 3151% 0x000000da58043d10 code [0x000000da58043ec0, 0x000000da580441b8]
Event: 58.028 Thread 0x000000da6203b800 3152       3       org.eclipse.jdt.core.compiler.CharOperation::isWhitespace (23 bytes)
Event: 58.029 Thread 0x000000da6203b800 nmethod 3152 0x000000da51080710 code [0x000000da510808c0, 0x000000da51080a78]
Event: 58.029 Thread 0x000000da6203b800 3153       3       org.eclipse.jdt.internal.compiler.parser.Scanner::internalScanIdentifierOrKeyword (4733 bytes)
Event: 58.051 Thread 0x000000da6203b800 nmethod 3153 0x000000da51080b90 code [0x000000da51081460, 0x000000da5108b6e8]
Event: 58.524 Thread 0x000000da6203b800 3154       3       org.eclipse.jdt.internal.compiler.parser.Parser::actFromTokenOrSynthetic (9 bytes)
Event: 58.525 Thread 0x000000da6203b800 nmethod 3154 0x000000da5108d510 code [0x000000da5108d6e0, 0x000000da5108d938]
Event: 58.690 Thread 0x000000da6203b800 3155       3       org.eclipse.jdt.internal.compiler.parser.Parser::ntAction (8 bytes)
Event: 58.690 Thread 0x000000da6203b800 nmethod 3155 0x000000da5108db10 code [0x000000da5108dcc0, 0x000000da5108ddd8]
Event: 58.690 Thread 0x000000da6203b800 3156       3       org.eclipse.jdt.internal.compiler.parser.Parser::consumeRule (7641 bytes)

GC Heap History (20 events):
Event: 21.497 GC heap before
{Heap before GC invocations=1 (full 0):
 PSYoungGen      total 29696K, used 25600K [0x00000000eab00000, 0x00000000ecc00000, 0x0000000100000000)
  eden space 25600K, 100% used [0x00000000eab00000,0x00000000ec400000,0x00000000ec400000)
  from space 4096K, 0% used [0x00000000ec800000,0x00000000ec800000,0x00000000ecc00000)
  to   space 4096K, 0% used [0x00000000ec400000,0x00000000ec400000,0x00000000ec800000)
 ParOldGen       total 68608K, used 0K [0x00000000c0000000, 0x00000000c4300000, 0x00000000eab00000)
  object space 68608K, 0% used [0x00000000c0000000,0x00000000c0000000,0x00000000c4300000)
 Metaspace       used 13706K, capacity 14090K, committed 14208K, reserved 1062912K
  class space    used 1262K, capacity 1378K, committed 1408K, reserved 1048576K
}
Event: 21.518 GC heap after
{Heap after GC invocations=1 (full 0):
 PSYoungGen      total 29696K, used 3915K [0x00000000eab00000, 0x00000000ecc00000, 0x0000000100000000)
  eden space 25600K, 0% used [0x00000000eab00000,0x00000000eab00000,0x00000000ec400000)
  from space 4096K, 95% used [0x00000000ec400000,0x00000000ec7d2ce0,0x00000000ec800000)
  to   space 4096K, 0% used [0x00000000ec800000,0x00000000ec800000,0x00000000ecc00000)
 ParOldGen       total 68608K, used 16K [0x00000000c0000000, 0x00000000c4300000, 0x00000000eab00000)
  object space 68608K, 0% used [0x00000000c0000000,0x00000000c0004000,0x00000000c4300000)
 Metaspace       used 13706K, capacity 14090K, committed 14208K, reserved 1062912K
  class space    used 1262K, capacity 1378K, committed 1408K, reserved 1048576K
}
Event: 37.100 GC heap before
{Heap before GC invocations=2 (full 0):
 PSYoungGen      total 29696K, used 17194K [0x00000000eab00000, 0x00000000ecc00000, 0x0000000100000000)
  eden space 25600K, 51% used [0x00000000eab00000,0x00000000eb7f7d50,0x00000000ec400000)
  from space 4096K, 95% used [0x00000000ec400000,0x00000000ec7d2ce0,0x00000000ec800000)
  to   space 4096K, 0% used [0x00000000ec800000,0x00000000ec800000,0x00000000ecc00000)
 ParOldGen       total 68608K, used 16K [0x00000000c0000000, 0x00000000c4300000, 0x00000000eab00000)
  object space 68608K, 0% used [0x00000000c0000000,0x00000000c0004000,0x00000000c4300000)
 Metaspace       used 20094K, capacity 21120K, committed 21248K, reserved 1069056K
  class space    used 1891K, capacity 2237K, committed 2304K, reserved 1048576K
}
Event: 37.126 GC heap after
{Heap after GC invocations=2 (full 0):
 PSYoungGen      total 29696K, used 4076K [0x00000000eab00000, 0x00000000ecc00000, 0x0000000100000000)
  eden space 25600K, 0% used [0x00000000eab00000,0x00000000eab00000,0x00000000ec400000)
  from space 4096K, 99% used [0x00000000ec800000,0x00000000ecbfb098,0x00000000ecc00000)
  to   space 4096K, 0% used [0x00000000ec400000,0x00000000ec400000,0x00000000ec800000)
 ParOldGen       total 68608K, used 1623K [0x00000000c0000000, 0x00000000c4300000, 0x00000000eab00000)
  object space 68608K, 2% used [0x00000000c0000000,0x00000000c0195e18,0x00000000c4300000)
 Metaspace       used 20094K, capacity 21120K, committed 21248K, reserved 1069056K
  class space    used 1891K, capacity 2237K, committed 2304K, reserved 1048576K
}
Event: 37.126 GC heap before
{Heap before GC invocations=3 (full 1):
 PSYoungGen      total 29696K, used 4076K [0x00000000eab00000, 0x00000000ecc00000, 0x0000000100000000)
  eden space 25600K, 0% used [0x00000000eab00000,0x00000000eab00000,0x00000000ec400000)
  from space 4096K, 99% used [0x00000000ec800000,0x00000000ecbfb098,0x00000000ecc00000)
  to   space 4096K, 0% used [0x00000000ec400000,0x00000000ec400000,0x00000000ec800000)
 ParOldGen       total 68608K, used 1623K [0x00000000c0000000, 0x00000000c4300000, 0x00000000eab00000)
  object space 68608K, 2% used [0x00000000c0000000,0x00000000c0195e18,0x00000000c4300000)
 Metaspace       used 20094K, capacity 21120K, committed 21248K, reserved 1069056K
  class space    used 1891K, capacity 2237K, committed 2304K, reserved 1048576K
}
Event: 37.382 GC heap after
{Heap after GC invocations=3 (full 1):
 PSYoungGen      total 29696K, used 0K [0x00000000eab00000, 0x00000000ecc00000, 0x0000000100000000)
  eden space 25600K, 0% used [0x00000000eab00000,0x00000000eab00000,0x00000000ec400000)
  from space 4096K, 0% used [0x00000000ec800000,0x00000000ec800000,0x00000000ecc00000)
  to   space 4096K, 0% used [0x00000000ec400000,0x00000000ec400000,0x00000000ec800000)
 ParOldGen       total 68608K, used 5641K [0x00000000c0000000, 0x00000000c4300000, 0x00000000eab00000)
  object space 68608K, 8% used [0x00000000c0000000,0x00000000c0582628,0x00000000c4300000)
 Metaspace       used 20094K, capacity 21120K, committed 21248K, reserved 1069056K
  class space    used 1891K, capacity 2237K, committed 2304K, reserved 1048576K
}
Event: 49.035 GC heap before
{Heap before GC invocations=4 (full 1):
 PSYoungGen      total 29696K, used 25600K [0x00000000eab00000, 0x00000000ecc00000, 0x0000000100000000)
  eden space 25600K, 100% used [0x00000000eab00000,0x00000000ec400000,0x00000000ec400000)
  from space 4096K, 0% used [0x00000000ec800000,0x00000000ec800000,0x00000000ecc00000)
  to   space 4096K, 0% used [0x00000000ec400000,0x00000000ec400000,0x00000000ec800000)
 ParOldGen       total 68608K, used 5641K [0x00000000c0000000, 0x00000000c4300000, 0x00000000eab00000)
  object space 68608K, 8% used [0x00000000c0000000,0x00000000c0582628,0x00000000c4300000)
 Metaspace       used 27003K, capacity 28584K, committed 28800K, reserved 1075200K
  class space    used 2571K, capacity 3179K, committed 3200K, reserved 1048576K
}
Event: 49.044 GC heap after
{Heap after GC invocations=4 (full 1):
 PSYoungGen      total 29696K, used 2611K [0x00000000eab00000, 0x00000000ecc00000, 0x0000000100000000)
  eden space 25600K, 0% used [0x00000000eab00000,0x00000000eab00000,0x00000000ec400000)
  from space 4096K, 63% used [0x00000000ec400000,0x00000000ec68ce68,0x00000000ec800000)
  to   space 4096K, 0% used [0x00000000ec800000,0x00000000ec800000,0x00000000ecc00000)
 ParOldGen       total 68608K, used 5657K [0x00000000c0000000, 0x00000000c4300000, 0x00000000eab00000)
  object space 68608K, 8% used [0x00000000c0000000,0x00000000c0586640,0x00000000c4300000)
 Metaspace       used 27003K, capacity 28584K, committed 28800K, reserved 1075200K
  class space    used 2571K, capacity 3179K, committed 3200K, reserved 1048576K
}
Event: 54.944 GC heap before
{Heap before GC invocations=5 (full 1):
 PSYoungGen      total 29696K, used 28211K [0x00000000eab00000, 0x00000000ecc00000, 0x0000000100000000)
  eden space 25600K, 100% used [0x00000000eab00000,0x00000000ec400000,0x00000000ec400000)
  from space 4096K, 63% used [0x00000000ec400000,0x00000000ec68ce68,0x00000000ec800000)
  to   space 4096K, 0% used [0x00000000ec800000,0x00000000ec800000,0x00000000ecc00000)
 ParOldGen       total 68608K, used 5657K [0x00000000c0000000, 0x00000000c4300000, 0x00000000eab00000)
  object space 68608K, 8% used [0x00000000c0000000,0x00000000c0586640,0x00000000c4300000)
 Metaspace       used 30439K, capacity 32189K, committed 32256K, reserved 1077248K
  class space    used 2926K, capacity 3566K, committed 3584K, reserved 1048576K
}
Event: 54.970 GC heap after
{Heap after GC invocations=5 (full 1):
 PSYoungGen      total 29696K, used 4079K [0x00000000eab00000, 0x00000000ecc00000, 0x0000000100000000)
  eden space 25600K, 0% used [0x00000000eab00000,0x00000000eab00000,0x00000000ec400000)
  from space 4096K, 99% used [0x00000000ec800000,0x00000000ecbfbe90,0x00000000ecc00000)
  to   space 4096K, 0% used [0x00000000ec400000,0x00000000ec400000,0x00000000ec800000)
 ParOldGen       total 68608K, used 6713K [0x00000000c0000000, 0x00000000c4300000, 0x00000000eab00000)
  object space 68608K, 9% used [0x00000000c0000000,0x00000000c068e6a0,0x00000000c4300000)
 Metaspace       used 30439K, capacity 32189K, committed 32256K, reserved 1077248K
  class space    used 2926K, capacity 3566K, committed 3584K, reserved 1048576K
}
Event: 55.509 GC heap before
{Heap before GC invocations=6 (full 1):
 PSYoungGen      total 29696K, used 29679K [0x00000000eab00000, 0x00000000ecc00000, 0x0000000100000000)
  eden space 25600K, 100% used [0x00000000eab00000,0x00000000ec400000,0x00000000ec400000)
  from space 4096K, 99% used [0x00000000ec800000,0x00000000ecbfbe90,0x00000000ecc00000)
  to   space 4096K, 0% used [0x00000000ec400000,0x00000000ec400000,0x00000000ec800000)
 ParOldGen       total 68608K, used 6713K [0x00000000c0000000, 0x00000000c4300000, 0x00000000eab00000)
  object space 68608K, 9% used [0x00000000c0000000,0x00000000c068e6a0,0x00000000c4300000)
 Metaspace       used 30546K, capacity 32318K, committed 32512K, reserved 1079296K
  class space    used 2930K, capacity 3566K, committed 3584K, reserved 1048576K
}
Event: 55.525 GC heap after
{Heap after GC invocations=6 (full 1):
 PSYoungGen      total 29184K, used 4069K [0x00000000eab00000, 0x00000000ed180000, 0x0000000100000000)
  eden space 25088K, 0% used [0x00000000eab00000,0x00000000eab00000,0x00000000ec380000)
  from space 4096K, 99% used [0x00000000ec400000,0x00000000ec7f9790,0x00000000ec800000)
  to   space 7168K, 0% used [0x00000000eca80000,0x00000000eca80000,0x00000000ed180000)
 ParOldGen       total 68608K, used 9001K [0x00000000c0000000, 0x00000000c4300000, 0x00000000eab00000)
  object space 68608K, 13% used [0x00000000c0000000,0x00000000c08ca6d0,0x00000000c4300000)
 Metaspace       used 30546K, capacity 32318K, committed 32512K, reserved 1079296K
  class space    used 2930K, capacity 3566K, committed 3584K, reserved 1048576K
}
Event: 55.780 GC heap before
{Heap before GC invocations=7 (full 1):
 PSYoungGen      total 29184K, used 29157K [0x00000000eab00000, 0x00000000ed180000, 0x0000000100000000)
  eden space 25088K, 100% used [0x00000000eab00000,0x00000000ec380000,0x00000000ec380000)
  from space 4096K, 99% used [0x00000000ec400000,0x00000000ec7f9790,0x00000000ec800000)
  to   space 7168K, 0% used [0x00000000eca80000,0x00000000eca80000,0x00000000ed180000)
 ParOldGen       total 68608K, used 9001K [0x00000000c0000000, 0x00000000c4300000, 0x00000000eab00000)
  object space 68608K, 13% used [0x00000000c0000000,0x00000000c08ca6d0,0x00000000c4300000)
 Metaspace       used 30614K, capacity 32382K, committed 32512K, reserved 1079296K
  class space    used 2934K, capacity 3566K, committed 3584K, reserved 1048576K
}
Event: 55.796 GC heap after
{Heap after GC invocations=7 (full 1):
 PSYoungGen      total 31232K, used 6373K [0x00000000eab00000, 0x00000000ed100000, 0x0000000100000000)
  eden space 24576K, 0% used [0x00000000eab00000,0x00000000eab00000,0x00000000ec300000)
  from space 6656K, 95% used [0x00000000eca80000,0x00000000ed0b9790,0x00000000ed100000)
  to   space 6656K, 0% used [0x00000000ec400000,0x00000000ec400000,0x00000000eca80000)
 ParOldGen       total 68608K, used 9001K [0x00000000c0000000, 0x00000000c4300000, 0x00000000eab00000)
  object space 68608K, 13% used [0x00000000c0000000,0x00000000c08ca6d0,0x00000000c4300000)
 Metaspace       used 30614K, capacity 32382K, committed 32512K, reserved 1079296K
  class space    used 2934K, capacity 3566K, committed 3584K, reserved 1048576K
}
Event: 55.987 GC heap before
{Heap before GC invocations=8 (full 1):
 PSYoungGen      total 31232K, used 30949K [0x00000000eab00000, 0x00000000ed100000, 0x0000000100000000)
  eden space 24576K, 100% used [0x00000000eab00000,0x00000000ec300000,0x00000000ec300000)
  from space 6656K, 95% used [0x00000000eca80000,0x00000000ed0b9790,0x00000000ed100000)
  to   space 6656K, 0% used [0x00000000ec400000,0x00000000ec400000,0x00000000eca80000)
 ParOldGen       total 68608K, used 9001K [0x00000000c0000000, 0x00000000c4300000, 0x00000000eab00000)
  object space 68608K, 13% used [0x00000000c0000000,0x00000000c08ca6d0,0x00000000c4300000)
 Metaspace       used 30702K, capacity 32446K, committed 32512K, reserved 1079296K
  class space    used 2943K, capacity 3566K, committed 3584K, reserved 1048576K
}
Event: 56.008 GC heap after
{Heap after GC invocations=8 (full 1):
 PSYoungGen      total 30720K, used 6634K [0x00000000eab00000, 0x00000000ed580000, 0x0000000100000000)
  eden space 24064K, 0% used [0x00000000eab00000,0x00000000eab00000,0x00000000ec280000)
  from space 6656K, 99% used [0x00000000ec400000,0x00000000eca7a868,0x00000000eca80000)
  to   space 9728K, 0% used [0x00000000ecc00000,0x00000000ecc00000,0x00000000ed580000)
 ParOldGen       total 68608K, used 11512K [0x00000000c0000000, 0x00000000c4300000, 0x00000000eab00000)
  object space 68608K, 16% used [0x00000000c0000000,0x00000000c0b3e140,0x00000000c4300000)
 Metaspace       used 30702K, capacity 32446K, committed 32512K, reserved 1079296K
  class space    used 2943K, capacity 3566K, committed 3584K, reserved 1048576K
}
Event: 56.132 GC heap before
{Heap before GC invocations=9 (full 1):
 PSYoungGen      total 30720K, used 30698K [0x00000000eab00000, 0x00000000ed580000, 0x0000000100000000)
  eden space 24064K, 100% used [0x00000000eab00000,0x00000000ec280000,0x00000000ec280000)
  from space 6656K, 99% used [0x00000000ec400000,0x00000000eca7a868,0x00000000eca80000)
  to   space 9728K, 0% used [0x00000000ecc00000,0x00000000ecc00000,0x00000000ed580000)
 ParOldGen       total 68608K, used 11512K [0x00000000c0000000, 0x00000000c4300000, 0x00000000eab00000)
  object space 68608K, 16% used [0x00000000c0000000,0x00000000c0b3e140,0x00000000c4300000)
 Metaspace       used 30702K, capacity 32446K, committed 32512K, reserved 1079296K
  class space    used 2943K, capacity 3566K, committed 3584K, reserved 1048576K
}
Event: 56.155 GC heap after
{Heap after GC invocations=9 (full 1):
 PSYoungGen      total 30720K, used 6770K [0x00000000eab00000, 0x00000000ed300000, 0x0000000100000000)
  eden space 23552K, 0% used [0x00000000eab00000,0x00000000eab00000,0x00000000ec200000)
  from space 7168K, 94% used [0x00000000ecc00000,0x00000000ed29cb38,0x00000000ed300000)
  to   space 7680K, 0% used [0x00000000ec400000,0x00000000ec400000,0x00000000ecb80000)
 ParOldGen       total 68608K, used 13959K [0x00000000c0000000, 0x00000000c4300000, 0x00000000eab00000)
  object space 68608K, 20% used [0x00000000c0000000,0x00000000c0da1e20,0x00000000c4300000)
 Metaspace       used 30702K, capacity 32446K, committed 32512K, reserved 1079296K
  class space    used 2943K, capacity 3566K, committed 3584K, reserved 1048576K
}
Event: 56.809 GC heap before
{Heap before GC invocations=10 (full 1):
 PSYoungGen      total 30720K, used 30322K [0x00000000eab00000, 0x00000000ed300000, 0x0000000100000000)
  eden space 23552K, 100% used [0x00000000eab00000,0x00000000ec200000,0x00000000ec200000)
  from space 7168K, 94% used [0x00000000ecc00000,0x00000000ed29cb38,0x00000000ed300000)
  to   space 7680K, 0% used [0x00000000ec400000,0x00000000ec400000,0x00000000ecb80000)
 ParOldGen       total 68608K, used 13959K [0x00000000c0000000, 0x00000000c4300000, 0x00000000eab00000)
  object space 68608K, 20% used [0x00000000c0000000,0x00000000c0da1e20,0x00000000c4300000)
 Metaspace       used 31072K, capacity 32922K, committed 33152K, reserved 1079296K
  class space    used 2973K, capacity 3639K, committed 3712K, reserved 1048576K
}
Event: 56.831 GC heap after
{Heap after GC invocations=10 (full 1):
 PSYoungGen      total 30720K, used 7340K [0x00000000eab00000, 0x00000000ed080000, 0x0000000100000000)
  eden space 23040K, 0% used [0x00000000eab00000,0x00000000eab00000,0x00000000ec180000)
  from space 7680K, 95% used [0x00000000ec400000,0x00000000ecb2b2c8,0x00000000ecb80000)
  to   space 5120K, 0% used [0x00000000ecb80000,0x00000000ecb80000,0x00000000ed080000)
 ParOldGen       total 68608K, used 16534K [0x00000000c0000000, 0x00000000c4300000, 0x00000000eab00000)
  object space 68608K, 24% used [0x00000000c0000000,0x00000000c1025990,0x00000000c4300000)
 Metaspace       used 31072K, capacity 32922K, committed 33152K, reserved 1079296K
  class space    used 2973K, capacity 3639K, committed 3712K, reserved 1048576K
}

Deoptimization events (20 events):
Event: 56.895 Thread 0x000000da63c9f000 DEOPT PACKING pc=0x000000da50ef84ce sp=0x000000da671cccb0
Event: 56.895 Thread 0x000000da63c9f000 DEOPT UNPACKING pc=0x000000da5048a93f sp=0x000000da671cc190 mode 0
Event: 56.896 Thread 0x000000da63c9f000 DEOPT PACKING pc=0x000000da50ef84ce sp=0x000000da671cccb0
Event: 56.896 Thread 0x000000da63c9f000 DEOPT UNPACKING pc=0x000000da5048a93f sp=0x000000da671cc190 mode 0
Event: 56.921 Thread 0x000000da63c9f000 DEOPT PACKING pc=0x000000da50ef84ce sp=0x000000da671ccc90
Event: 56.921 Thread 0x000000da63c9f000 DEOPT UNPACKING pc=0x000000da5048a93f sp=0x000000da671cc168 mode 0
Event: 56.922 Thread 0x000000da63c9f000 DEOPT PACKING pc=0x000000da50ef84ce sp=0x000000da671ccc90
Event: 56.922 Thread 0x000000da63c9f000 DEOPT UNPACKING pc=0x000000da5048a93f sp=0x000000da671cc168 mode 0
Event: 56.922 Thread 0x000000da63c9f000 DEOPT PACKING pc=0x000000da50ef84ce sp=0x000000da671ccc90
Event: 56.922 Thread 0x000000da63c9f000 DEOPT UNPACKING pc=0x000000da5048a93f sp=0x000000da671cc168 mode 0
Event: 56.923 Thread 0x000000da63c9f000 DEOPT PACKING pc=0x000000da50ef84ce sp=0x000000da671ccc90
Event: 56.923 Thread 0x000000da63c9f000 DEOPT UNPACKING pc=0x000000da5048a93f sp=0x000000da671cc168 mode 0
Event: 56.923 Thread 0x000000da63c9f000 DEOPT PACKING pc=0x000000da50ef84ce sp=0x000000da671ccc90
Event: 56.923 Thread 0x000000da63c9f000 DEOPT UNPACKING pc=0x000000da5048a93f sp=0x000000da671cc168 mode 0
Event: 56.924 Thread 0x000000da63c9f000 DEOPT PACKING pc=0x000000da50ef84ce sp=0x000000da671ccc90
Event: 56.924 Thread 0x000000da63c9f000 DEOPT UNPACKING pc=0x000000da5048a93f sp=0x000000da671cc168 mode 0
Event: 57.044 Thread 0x000000da63c9f000 DEOPT PACKING pc=0x000000da50e4636d sp=0x000000da671cc770
Event: 57.044 Thread 0x000000da63c9f000 DEOPT UNPACKING pc=0x000000da5048a93f sp=0x000000da671cbc90 mode 0
Event: 58.443 Thread 0x000000da63c9f000 DEOPT PACKING pc=0x000000da51063ad0 sp=0x000000da671c9ee0
Event: 58.443 Thread 0x000000da63c9f000 DEOPT UNPACKING pc=0x000000da5048a93f sp=0x000000da671c9368 mode 0

Classes redefined (0 events):
No events

Internal exceptions (20 events):
Event: 22.074 Thread 0x000000da631a3000 Exception <a 'java/lang/NoSuchMethodError'{0x00000000eacf6d28}: 'java.lang.Object java.lang.invoke.DelegatingMethodHandle$Holder.reinvoke_L(java.lang.Object, int, int, java.lang.Object, java.lang.Object, java.lang.Object)'> (0x00000000eacf6d28) thrown at [./src/hotspot/share/interpreter/linkResolver.cpp, line 773]
Event: 26.212 Thread 0x000000da631a3000 Exception <a 'java/io/FileNotFoundException'{0x00000000eaff8668}> (0x00000000eaff8668) thrown at [./src/hotspot/share/prims/jni.cpp, line 615]
Event: 34.156 Thread 0x000000da631a3000 Exception <a 'java/lang/NoSuchMethodError'{0x00000000eb4c5598}: 'void java.lang.invoke.DirectMethodHandle$Holder.invokeSpecial(java.lang.Object, java.lang.Object, java.lang.Object, java.lang.Object)'> (0x00000000eb4c5598) thrown at [./src/hotspot/share/interpreter/linkResolver.cpp, line 773]
Event: 35.023 Thread 0x000000da631a3000 Exception <a 'java/io/FileNotFoundException'{0x00000000eb4ef6f8}> (0x00000000eb4ef6f8) thrown at [./src/hotspot/share/prims/jni.cpp, line 615]
Event: 37.385 Thread 0x000000da631a3000 Exception <a 'java/lang/NoSuchMethodError'{0x00000000eab07e70}: 'int java.lang.invoke.DirectMethodHandle$Holder.invokeStaticInit(java.lang.Object, java.lang.Object, java.lang.Object)'> (0x00000000eab07e70) thrown at [./src/hotspot/share/interpreter/linkResolver.cpp, line 773]
Event: 37.394 Thread 0x000000da631a3000 Exception <a 'java/lang/IncompatibleClassChangeError'{0x00000000eab3cda8}: Found class java.lang.Object, but interface was expected> (0x00000000eab3cda8) thrown at [./src/hotspot/share/interpreter/linkResolver.cpp, line 839]
Event: 44.176 Thread 0x000000da631a3000 Exception <a 'java/lang/ClassNotFoundException'{0x00000000eba8e6f0}: com/sun/org/apache/xerces/internal/impl/msg/spi/DOMMessagesProvider> (0x00000000eba8e6f0) thrown at [./src/hotspot/share/classfile/systemDictionary.cpp, line 231]
Event: 44.294 Thread 0x000000da631a3000 Implicit null exception at 0x000000da57f9ed86 to 0x000000da57f9f920
Event: 44.338 Thread 0x000000da631a3000 Exception <a 'java/lang/ClassNotFoundException'{0x00000000ebaae0f8}: com/sun/org/apache/xerces/internal/impl/msg/spi/XMLSerializerMessagesProvider> (0x00000000ebaae0f8) thrown at [./src/hotspot/share/classfile/systemDictionary.cpp, line 231]
Event: 44.370 Thread 0x000000da631a3000 Exception <a 'java/lang/ClassNotFoundException'{0x00000000ebac2658}: com/sun/org/apache/xerces/internal/impl/msg/spi/XMLMessagesProvider> (0x00000000ebac2658) thrown at [./src/hotspot/share/classfile/systemDictionary.cpp, line 231]
Event: 46.692 Thread 0x000000da631a3000 Exception <a 'java/lang/ClassNotFoundException'{0x00000000ebd61cc8}: com/sun/org/apache/xml/internal/serializer/spi/XMLEntitiesProvider> (0x00000000ebd61cc8) thrown at [./src/hotspot/share/classfile/systemDictionary.cpp, line 231]
Event: 47.188 Thread 0x000000da631a3000 Exception <a 'java/io/FileNotFoundException'{0x00000000ebfd2f10}> (0x00000000ebfd2f10) thrown at [./src/hotspot/share/prims/jni.cpp, line 615]
Event: 47.275 Thread 0x000000da631a3000 Exception <a 'java/io/FileNotFoundException'{0x00000000ec000f70}> (0x00000000ec000f70) thrown at [./src/hotspot/share/prims/jni.cpp, line 615]
Event: 47.327 Thread 0x000000da631a3000 Exception <a 'java/io/FileNotFoundException'{0x00000000ec0353d8}> (0x00000000ec0353d8) thrown at [./src/hotspot/share/prims/jni.cpp, line 615]
Event: 49.937 Thread 0x000000da63c9f000 Exception <a 'java/io/FileNotFoundException'{0x00000000eada7218}> (0x00000000eada7218) thrown at [./src/hotspot/share/prims/jni.cpp, line 615]
Event: 54.758 Thread 0x000000da63a05800 Exception <a 'java/io/FileNotFoundException'{0x00000000ec182c80}> (0x00000000ec182c80) thrown at [./src/hotspot/share/prims/jni.cpp, line 615]
Event: 54.759 Thread 0x000000da63a05800 Exception <a 'java/io/FileNotFoundException'{0x00000000ec184830}> (0x00000000ec184830) thrown at [./src/hotspot/share/prims/jni.cpp, line 615]
Event: 54.787 Thread 0x000000da63a05800 Exception <a 'java/lang/NoSuchMethodError'{0x00000000ec18d240}: 'void java.lang.invoke.DirectMethodHandle$Holder.invokeStaticInit(java.lang.Object, java.lang.Object, java.lang.Object)'> (0x00000000ec18d240) thrown at [./src/hotspot/share/interpreter/linkResolver.cpp, line 773]
Event: 56.633 Thread 0x000000da63c9f000 Exception <a 'java/lang/NoSuchMethodError'{0x00000000ec1c07b0}: 'java.lang.Object java.lang.invoke.DirectMethodHandle$Holder.invokeInterface(java.lang.Object, java.lang.Object, java.lang.Object)'> (0x00000000ec1c07b0) thrown at [./src/hotspot/share/interpreter/linkResolver.cpp, line 773]
Event: 58.057 Thread 0x000000da63c9f000 Exception <a 'java/lang/ArrayIndexOutOfBoundsException'{0x00000000eaf22b00}: Index 1393 out of bounds for length 1393> (0x00000000eaf22b00) thrown at [./src/hotspot/share/interpreter/interpreterRuntime.cpp, line 444]

Events (20 events):
Event: 56.876 loading class org/eclipse/jdt/internal/compiler/problem/messages
Event: 56.876 loading class org/eclipse/jdt/internal/compiler/problem/messages done
Event: 56.925 loading class org/eclipse/jdt/internal/compiler/problem/messages_pt
Event: 56.925 loading class org/eclipse/jdt/internal/compiler/problem/messages_pt done
Event: 56.925 loading class org/eclipse/jdt/internal/compiler/problem/messages_pt_BR
Event: 56.925 loading class org/eclipse/jdt/internal/compiler/problem/messages_pt_BR done
Event: 57.009 Executing VM operation: RevokeBias
Event: 57.009 Executing VM operation: RevokeBias done
Event: 57.010 Executing VM operation: RevokeBias
Event: 57.010 Executing VM operation: RevokeBias done
Event: 57.010 Executing VM operation: RevokeBias
Event: 57.010 Executing VM operation: RevokeBias done
Event: 57.011 Executing VM operation: RevokeBias
Event: 57.011 Executing VM operation: RevokeBias done
Event: 57.942 Executing VM operation: Deoptimize
Event: 57.944 Executing VM operation: Deoptimize done
Event: 58.029 loading class java/lang/ArrayIndexOutOfBoundsException
Event: 58.056 loading class java/lang/IndexOutOfBoundsException
Event: 58.056 loading class java/lang/IndexOutOfBoundsException done
Event: 58.056 loading class java/lang/ArrayIndexOutOfBoundsException done


Dynamic libraries:
0x00007ff707b90000 - 0x00007ff707b9d000 	C:\Users\2021\AppData\Local\Programs\Eclipse Foundation\jdk-11.0.12.7-hotspot\bin\java.exe
0x00007ff9dada0000 - 0x00007ff9daf62000 	C:\Windows\SYSTEM32\ntdll.dll
0x00007ff9d8890000 - 0x00007ff9d893d000 	C:\Windows\system32\KERNEL32.DLL
0x00007ff9c7b60000 - 0x00007ff9c7b75000 	C:\Program Files\Avast Software\Avast\aswhook.dll
0x00007ff9d8240000 - 0x00007ff9d841d000 	C:\Windows\system32\KERNELBASE.dll
0x00007ff9cde30000 - 0x00007ff9cde47000 	C:\Users\2021\AppData\Local\Programs\Eclipse Foundation\jdk-11.0.12.7-hotspot\bin\jli.dll
0x00007ff9dabf0000 - 0x00007ff9dad3e000 	C:\Windows\system32\USER32.dll
0x00007ff9d86f0000 - 0x00007ff9d8875000 	C:\Windows\system32\GDI32.dll
0x00007ff9cde10000 - 0x00007ff9cde25000 	C:\Users\2021\AppData\Local\Programs\Eclipse Foundation\jdk-11.0.12.7-hotspot\bin\VCRUNTIME140.dll
0x00007ff9d2a10000 - 0x00007ff9d2b02000 	C:\Windows\SYSTEM32\ucrtbase.dll
0x00007ff9c8d20000 - 0x00007ff9c8f94000 	C:\Windows\WinSxS\amd64_microsoft.windows.common-controls_6595b64144ccf1df_6.0.10240.16384_none_f41f7b285750ef43\COMCTL32.dll
0x00007ff9d8cc0000 - 0x00007ff9d8d5d000 	C:\Windows\system32\msvcrt.dll
0x00007ff9da9c0000 - 0x00007ff9da9f6000 	C:\Windows\system32\IMM32.DLL
0x00007ff9daa90000 - 0x00007ff9dabec000 	C:\Windows\system32\MSCTF.dll
0x00007ff9bc0c0000 - 0x00007ff9bc15b000 	C:\Users\2021\AppData\Local\Programs\Eclipse Foundation\jdk-11.0.12.7-hotspot\bin\msvcp140.dll
0x00007ff9b55c0000 - 0x00007ff9b6119000 	C:\Users\2021\AppData\Local\Programs\Eclipse Foundation\jdk-11.0.12.7-hotspot\bin\server\jvm.dll
0x00007ff9d8df0000 - 0x00007ff9d8e96000 	C:\Windows\system32\ADVAPI32.dll
0x00007ff9d8f50000 - 0x00007ff9d8fab000 	C:\Windows\system32\sechost.dll
0x00007ff9d9150000 - 0x00007ff9d9276000 	C:\Windows\system32\RPCRT4.dll
0x00007ff9d8880000 - 0x00007ff9d8888000 	C:\Windows\system32\PSAPI.DLL
0x00007ff9d2ba0000 - 0x00007ff9d2ba9000 	C:\Windows\SYSTEM32\WSOCK32.dll
0x00007ff9daa20000 - 0x00007ff9daa89000 	C:\Windows\system32\WS2_32.dll
0x00007ff9d8d60000 - 0x00007ff9d8d68000 	C:\Windows\system32\NSI.dll
0x00007ff9c8780000 - 0x00007ff9c87a3000 	C:\Windows\SYSTEM32\WINMM.dll
0x00007ff9d50c0000 - 0x00007ff9d50ca000 	C:\Windows\SYSTEM32\VERSION.dll
0x00007ff9c8750000 - 0x00007ff9c877c000 	C:\Windows\SYSTEM32\WINMMBASE.dll
0x00007ff9d8420000 - 0x00007ff9d8464000 	C:\Windows\system32\cfgmgr32.dll
0x00007ff9d6140000 - 0x00007ff9d6167000 	C:\Windows\SYSTEM32\DEVOBJ.dll
0x00007ff9d77d0000 - 0x00007ff9d77df000 	C:\Windows\system32\kernel.appcore.dll
0x00007ff9d5d10000 - 0x00007ff9d5d20000 	C:\Users\2021\AppData\Local\Programs\Eclipse Foundation\jdk-11.0.12.7-hotspot\bin\verify.dll
0x00007ff9d4cb0000 - 0x00007ff9d4e3a000 	C:\Windows\SYSTEM32\DBGHELP.DLL
0x00007ff9d4c80000 - 0x00007ff9d4ca5000 	C:\Windows\SYSTEM32\dbgcore.DLL
0x00007ff9cddd0000 - 0x00007ff9cddf8000 	C:\Users\2021\AppData\Local\Programs\Eclipse Foundation\jdk-11.0.12.7-hotspot\bin\java.dll
0x00007ff9c9e10000 - 0x00007ff9c9e1a000 	C:\Users\2021\AppData\Local\Programs\Eclipse Foundation\jdk-11.0.12.7-hotspot\bin\jimage.dll
0x00007ff9c7d70000 - 0x00007ff9c7d87000 	C:\Users\2021\AppData\Local\Programs\Eclipse Foundation\jdk-11.0.12.7-hotspot\bin\zip.dll
0x00007ff9d92e0000 - 0x00007ff9da805000 	C:\Windows\system32\SHELL32.dll
0x00007ff9d7870000 - 0x00007ff9d7e98000 	C:\Windows\system32\windows.storage.dll
0x00007ff9d8470000 - 0x00007ff9d86ec000 	C:\Windows\system32\combase.dll
0x00007ff9d9280000 - 0x00007ff9d92d1000 	C:\Windows\system32\shlwapi.dll
0x00007ff9d8180000 - 0x00007ff9d8233000 	C:\Windows\system32\shcore.dll
0x00007ff9d7820000 - 0x00007ff9d786a000 	C:\Windows\system32\powrprof.dll
0x00007ff9d77e0000 - 0x00007ff9d77f3000 	C:\Windows\system32\profapi.dll
0x00007ff9c69f0000 - 0x00007ff9c6a09000 	C:\Users\2021\AppData\Local\Programs\Eclipse Foundation\jdk-11.0.12.7-hotspot\bin\net.dll
0x00007ff9cec40000 - 0x00007ff9ced16000 	C:\Windows\SYSTEM32\WINHTTP.dll
0x00007ff9d7040000 - 0x00007ff9d709d000 	C:\Windows\system32\mswsock.dll
0x00007ff9c59d0000 - 0x00007ff9c59e2000 	C:\Users\2021\AppData\Local\Programs\Eclipse Foundation\jdk-11.0.12.7-hotspot\bin\nio.dll
0x00007ff9d70a0000 - 0x00007ff9d70b7000 	C:\Windows\SYSTEM32\CRYPTSP.dll
0x00007ff9d7310000 - 0x00007ff9d7338000 	C:\Windows\SYSTEM32\bcrypt.dll
0x00007ff9d6cf0000 - 0x00007ff9d6d23000 	C:\Windows\system32\rsaenh.dll
0x00007ff9d6de0000 - 0x00007ff9d6dff000 	C:\Windows\SYSTEM32\USERENV.dll
0x00007ff9d7620000 - 0x00007ff9d768b000 	C:\Windows\system32\bcryptprimitives.dll
0x00007ff9d7210000 - 0x00007ff9d721b000 	C:\Windows\SYSTEM32\CRYPTBASE.dll
0x00007ff9d3250000 - 0x00007ff9d3288000 	C:\Windows\SYSTEM32\IPHLPAPI.DLL
0x00007ff9d3240000 - 0x00007ff9d324b000 	C:\Windows\SYSTEM32\WINNSI.DLL
0x00007ff9d2de0000 - 0x00007ff9d2df6000 	C:\Windows\SYSTEM32\dhcpcsvc6.DLL
0x00007ff9d2f50000 - 0x00007ff9d2f6a000 	C:\Windows\SYSTEM32\dhcpcsvc.DLL
0x00007ff9c5310000 - 0x00007ff9c534e000 	C:\Users\2021\AppData\Roaming\Code\User\globalStorage\redhat.java\0.82.0\config_ss_win\org.eclipse.equinox.launcher\org.eclipse.equinox.launcher.win32.win32.x86_64_1.2.300.v20210828-0802\eclipse_11506.dll
0x00007ff9d89a0000 - 0x00007ff9d8ae1000 	C:\Windows\system32\ole32.dll
0x00007ff9c5650000 - 0x00007ff9c5661000 	C:\Users\2021\AppData\Roaming\Code\User\globalStorage\redhat.java\0.82.0\config_ss_win\org.eclipse.osgi\16\0\.cp\jWinHttp-1.0.0.dll

dbghelp: loaded successfully - version: 4.0.5 - missing functions: none
symbol engine: initialized successfully - sym options: 0x614 - pdb path: .;C:\Users\2021\AppData\Local\Programs\Eclipse Foundation\jdk-11.0.12.7-hotspot\bin;C:\Windows\SYSTEM32;C:\Program Files\Avast Software\Avast;C:\Windows\WinSxS\amd64_microsoft.windows.common-controls_6595b64144ccf1df_6.0.10240.16384_none_f41f7b285750ef43;C:\Users\2021\AppData\Local\Programs\Eclipse Foundation\jdk-11.0.12.7-hotspot\bin\server;C:\Users\2021\AppData\Roaming\Code\User\globalStorage\redhat.java\0.82.0\config_ss_win\org.eclipse.equinox.launcher\org.eclipse.equinox.launcher.win32.win32.x86_64_1.2.300.v20210828-0802;C:\Users\2021\AppData\Roaming\Code\User\globalStorage\redhat.java\0.82.0\config_ss_win\org.eclipse.osgi\16\0\.cp

VM Arguments:
jvm_args: --add-modules=ALL-SYSTEM --add-opens=java.base/java.util=ALL-UNNAMED --add-opens=java.base/java.lang=ALL-UNNAMED -Declipse.application=org.eclipse.jdt.ls.core.id1 -Dosgi.bundles.defaultStartLevel=4 -Declipse.product=org.eclipse.jdt.ls.core.product -Dfile.encoding=utf8 -DwatchParentProcess=false -XX:+UseParallelGC -XX:GCTimeRatio=4 -XX:AdaptiveSizePolicyWeight=90 -Dsun.zip.disableMemoryMapping=true -Xmx1G -Xms100m -Xverify:none 
java_command: c:\Users\2021\.vscode\extensions\redhat.java-0.82.0\server\plugins\org.eclipse.equinox.launcher_1.6.300.v20210813-1054.jar -configuration c:\Users\2021\AppData\Roaming\Code\User\globalStorage\redhat.java\0.82.0\config_ss_win -data c:\Users\2021\AppData\Roaming\Code\User\workspaceStorage\44abec8a59b3849da8e646983ba4cf86\redhat.java\ss_ws
java_class_path (initial): c:\Users\2021\.vscode\extensions\redhat.java-0.82.0\server\plugins\org.eclipse.equinox.launcher_1.6.300.v20210813-1054.jar
Launcher Type: SUN_STANDARD

[Global flags]
    uintx AdaptiveSizePolicyWeight                 = 90                                        {product} {command line}
     bool BytecodeVerificationLocal                = false                                     {product} {command line}
     bool BytecodeVerificationRemote               = false                                     {product} {command line}
     intx CICompilerCount                          = 2                                         {product} {ergonomic}
    uintx GCTimeRatio                              = 4                                         {product} {command line}
   size_t InitialHeapSize                          = 104857600                                 {product} {command line}
   size_t MaxHeapSize                              = 1073741824                                {product} {command line}
   size_t MaxNewSize                               = 357564416                                 {product} {ergonomic}
   size_t MinHeapDeltaBytes                        = 524288                                    {product} {ergonomic}
   size_t NewSize                                  = 34603008                                  {product} {ergonomic}
    uintx NonNMethodCodeHeapSize                   = 5825164                                {pd product} {ergonomic}
    uintx NonProfiledCodeHeapSize                  = 122916538                              {pd product} {ergonomic}
   size_t OldSize                                  = 70254592                                  {product} {ergonomic}
    uintx ProfiledCodeHeapSize                     = 122916538                              {pd product} {ergonomic}
    uintx ReservedCodeCacheSize                    = 251658240                              {pd product} {ergonomic}
     bool SegmentedCodeCache                       = true                                      {product} {ergonomic}
     bool UseCompressedClassPointers               = true                                 {lp64_product} {ergonomic}
     bool UseCompressedOops                        = true                                 {lp64_product} {ergonomic}
     bool UseLargePagesIndividualAllocation        = false                                  {pd product} {ergonomic}
     bool UseParallelGC                            = true                                      {product} {command line}

Logging:
Log output configuration:
 #0: stdout all=warning uptime,level,tags
 #1: stderr all=off uptime,level,tags

Environment Variables:
JAVA_HOME=C:\Users\2021\AppData\Local\Programs\Eclipse Foundation\jdk-11.0.12.7-hotspot\
PATH=C:\Windows\system32;C:\Windows;C:\Windows\System32\Wbem;C:\Windows\System32\WindowsPowerShell\v1.0\;C:\Users\2021\AppData\Local\Programs\Eclipse Foundation\jdk-11.0.12.7-hotspot\bin;C:\Users\2021\AppData\Local\Programs\Microsoft VS Code\bin
USERNAME=2021
OS=Windows_NT
PROCESSOR_IDENTIFIER=Intel64 Family 6 Model 37 Stepping 5, GenuineIntel



---------------  S Y S T E M  ---------------

OS: Windows 10 , 64 bit Build 10240 (10.0.10240.16384)
OS uptime: 4 days 22:32 hours

CPU:total 2 (initial active 2) (2 cores per cpu, 1 threads per core) family 6 model 37 stepping 5 microcode 0x4, cmov, cx8, fxsr, mmx, sse, sse2, sse3, ssse3, popcnt, tsc, tscinvbit

Memory: 4k page, system-wide physical 1908M (107M free)
TotalPageFile size 7796M (AvailPageFile size 13M)
current process WorkingSet (physical memory assigned to process): 159M, peak: 159M
current process commit charge ("private bytes"): 240M, peak: 240M

vm_info: OpenJDK 64-Bit Server VM (11.0.12+7) for windows-amd64 JRE (11.0.12+7), built on Jul 21 2021 16:23:49 by "" with unknown MS VC++:1916

END.
